This is pdfTeX, Version 3.14159265-2.6-1.40.18 (TeX Live 2017) (preloaded format=pdflatex 2018.1.13)  16 JAN 2018 11:17
entering extended mode
 restricted \write18 enabled.
 file:line:error style messages enabled.
 %&-line parsing enabled.
**"Lecture 3.tex"
(./Lecture 3.tex
LaTeX2e <2017-04-15>
Babel <3.10> and hyphenation patterns for 84 language(s) loaded.
(/usr/local/texlive/2017/texmf-dist/tex/latex/base/article.cls
Document Class: article 2014/09/29 v1.4h Standard LaTeX document class
(/usr/local/texlive/2017/texmf-dist/tex/latex/base/size12.clo
File: size12.clo 2014/09/29 v1.4h Standard LaTeX file (size option)
)
\c@part=\count79
\c@section=\count80
\c@subsection=\count81
\c@subsubsection=\count82
\c@paragraph=\count83
\c@subparagraph=\count84
\c@figure=\count85
\c@table=\count86
\abovecaptionskip=\skip41
\belowcaptionskip=\skip42
\bibindent=\dimen102
)
(/usr/local/texlive/2017/texmf-dist/tex/latex/url/url.sty
\Urlmuskip=\muskip10
Package: url 2013/09/16  ver 3.4  Verb mode for urls, etc.
)
(/usr/local/texlive/2017/texmf-dist/tex/latex/graphics/graphicx.sty
Package: graphicx 2014/10/28 v1.0g Enhanced LaTeX Graphics (DPC,SPQR)

(/usr/local/texlive/2017/texmf-dist/tex/latex/graphics/keyval.sty
Package: keyval 2014/10/28 v1.15 key=value parser (DPC)
\KV@toks@=\toks14
)
(/usr/local/texlive/2017/texmf-dist/tex/latex/graphics/graphics.sty
Package: graphics 2017/04/14 v1.1b Standard LaTeX Graphics (DPC,SPQR)

(/usr/local/texlive/2017/texmf-dist/tex/latex/graphics/trig.sty
Package: trig 2016/01/03 v1.10 sin cos tan (DPC)
)
(/usr/local/texlive/2017/texmf-dist/tex/latex/graphics-cfg/graphics.cfg
File: graphics.cfg 2016/06/04 v1.11 sample graphics configuration
)
Package graphics Info: Driver file: pdftex.def on input line 99.

(/usr/local/texlive/2017/texmf-dist/tex/latex/graphics-def/pdftex.def
File: pdftex.def 2017/01/12 v0.06k Graphics/color for pdfTeX

(/usr/local/texlive/2017/texmf-dist/tex/generic/oberdiek/infwarerr.sty
Package: infwarerr 2016/05/16 v1.4 Providing info/warning/error messages (HO)
)
(/usr/local/texlive/2017/texmf-dist/tex/generic/oberdiek/ltxcmds.sty
Package: ltxcmds 2016/05/16 v1.23 LaTeX kernel commands for general use (HO)
)
\Gread@gobject=\count87
))
\Gin@req@height=\dimen103
\Gin@req@width=\dimen104
)
(/usr/local/texlive/2017/texmf-dist/tex/latex/geometry/geometry.sty
Package: geometry 2010/09/12 v5.6 Page Geometry

(/usr/local/texlive/2017/texmf-dist/tex/generic/oberdiek/ifpdf.sty
Package: ifpdf 2017/03/15 v3.2 Provides the ifpdf switch
)
(/usr/local/texlive/2017/texmf-dist/tex/generic/oberdiek/ifvtex.sty
Package: ifvtex 2016/05/16 v1.6 Detect VTeX and its facilities (HO)
Package ifvtex Info: VTeX not detected.
)
(/usr/local/texlive/2017/texmf-dist/tex/generic/ifxetex/ifxetex.sty
Package: ifxetex 2010/09/12 v0.6 Provides ifxetex conditional
)
\Gm@cnth=\count88
\Gm@cntv=\count89
\c@Gm@tempcnt=\count90
\Gm@bindingoffset=\dimen105
\Gm@wd@mp=\dimen106
\Gm@odd@mp=\dimen107
\Gm@even@mp=\dimen108
\Gm@layoutwidth=\dimen109
\Gm@layoutheight=\dimen110
\Gm@layouthoffset=\dimen111
\Gm@layoutvoffset=\dimen112
\Gm@dimlist=\toks15
)
(/usr/local/texlive/2017/texmf-dist/tex/latex/amsmath/amsmath.sty
Package: amsmath 2016/11/05 v2.16a AMS math features
\@mathmargin=\skip43

For additional information on amsmath, use the `?' option.
(/usr/local/texlive/2017/texmf-dist/tex/latex/amsmath/amstext.sty
Package: amstext 2000/06/29 v2.01 AMS text

(/usr/local/texlive/2017/texmf-dist/tex/latex/amsmath/amsgen.sty
File: amsgen.sty 1999/11/30 v2.0 generic functions
\@emptytoks=\toks16
\ex@=\dimen113
))
(/usr/local/texlive/2017/texmf-dist/tex/latex/amsmath/amsbsy.sty
Package: amsbsy 1999/11/29 v1.2d Bold Symbols
\pmbraise@=\dimen114
)
(/usr/local/texlive/2017/texmf-dist/tex/latex/amsmath/amsopn.sty
Package: amsopn 2016/03/08 v2.02 operator names
)
\inf@bad=\count91
LaTeX Info: Redefining \frac on input line 213.
\uproot@=\count92
\leftroot@=\count93
LaTeX Info: Redefining \overline on input line 375.
\classnum@=\count94
\DOTSCASE@=\count95
LaTeX Info: Redefining \ldots on input line 472.
LaTeX Info: Redefining \dots on input line 475.
LaTeX Info: Redefining \cdots on input line 596.
\Mathstrutbox@=\box26
\strutbox@=\box27
\big@size=\dimen115
LaTeX Font Info:    Redeclaring font encoding OML on input line 712.
LaTeX Font Info:    Redeclaring font encoding OMS on input line 713.
\macc@depth=\count96
\c@MaxMatrixCols=\count97
\dotsspace@=\muskip11
\c@parentequation=\count98
\dspbrk@lvl=\count99
\tag@help=\toks17
\row@=\count100
\column@=\count101
\maxfields@=\count102
\andhelp@=\toks18
\eqnshift@=\dimen116
\alignsep@=\dimen117
\tagshift@=\dimen118
\tagwidth@=\dimen119
\totwidth@=\dimen120
\lineht@=\dimen121
\@envbody=\toks19
\multlinegap=\skip44
\multlinetaggap=\skip45
\mathdisplay@stack=\toks20
LaTeX Info: Redefining \[ on input line 2817.
LaTeX Info: Redefining \] on input line 2818.
)
(./Lecture 3.aux)
\openout1 = `"Lecture 3.aux"'.

LaTeX Font Info:    Checking defaults for OML/cmm/m/it on input line 16.
LaTeX Font Info:    ... okay on input line 16.
LaTeX Font Info:    Checking defaults for T1/cmr/m/n on input line 16.
LaTeX Font Info:    ... okay on input line 16.
LaTeX Font Info:    Checking defaults for OT1/cmr/m/n on input line 16.
LaTeX Font Info:    ... okay on input line 16.
LaTeX Font Info:    Checking defaults for OMS/cmsy/m/n on input line 16.
LaTeX Font Info:    ... okay on input line 16.
LaTeX Font Info:    Checking defaults for OMX/cmex/m/n on input line 16.
LaTeX Font Info:    ... okay on input line 16.
LaTeX Font Info:    Checking defaults for U/cmr/m/n on input line 16.
LaTeX Font Info:    ... okay on input line 16.

(/usr/local/texlive/2017/texmf-dist/tex/context/base/mkii/supp-pdf.mkii
[Loading MPS to PDF converter (version 2006.09.02).]
\scratchcounter=\count103
\scratchdimen=\dimen122
\scratchbox=\box28
\nofMPsegments=\count104
\nofMParguments=\count105
\everyMPshowfont=\toks21
\MPscratchCnt=\count106
\MPscratchDim=\dimen123
\MPnumerator=\count107
\makeMPintoPDFobject=\count108
\everyMPtoPDFconversion=\toks22
) (/usr/local/texlive/2017/texmf-dist/tex/generic/oberdiek/pdftexcmds.sty
Package: pdftexcmds 2017/03/19 v0.25 Utility functions of pdfTeX for LuaTeX (HO
)

(/usr/local/texlive/2017/texmf-dist/tex/generic/oberdiek/ifluatex.sty
Package: ifluatex 2016/05/16 v1.4 Provides the ifluatex switch (HO)
Package ifluatex Info: LuaTeX not detected.
)
Package pdftexcmds Info: LuaTeX not detected.
Package pdftexcmds Info: \pdf@primitive is available.
Package pdftexcmds Info: \pdf@ifprimitive is available.
Package pdftexcmds Info: \pdfdraftmode found.
)
(/usr/local/texlive/2017/texmf-dist/tex/latex/oberdiek/epstopdf-base.sty
Package: epstopdf-base 2016/05/15 v2.6 Base part for package epstopdf

(/usr/local/texlive/2017/texmf-dist/tex/latex/oberdiek/grfext.sty
Package: grfext 2016/05/16 v1.2 Manage graphics extensions (HO)

(/usr/local/texlive/2017/texmf-dist/tex/generic/oberdiek/kvdefinekeys.sty
Package: kvdefinekeys 2016/05/16 v1.4 Define keys (HO)
))
(/usr/local/texlive/2017/texmf-dist/tex/latex/oberdiek/kvoptions.sty
Package: kvoptions 2016/05/16 v3.12 Key value format for package options (HO)

(/usr/local/texlive/2017/texmf-dist/tex/generic/oberdiek/kvsetkeys.sty
Package: kvsetkeys 2016/05/16 v1.17 Key value parser (HO)

(/usr/local/texlive/2017/texmf-dist/tex/generic/oberdiek/etexcmds.sty
Package: etexcmds 2016/05/16 v1.6 Avoid name clashes with e-TeX commands (HO)
Package etexcmds Info: Could not find \expanded.
(etexcmds)             That can mean that you are not using pdfTeX 1.50 or
(etexcmds)             that some package has redefined \expanded.
(etexcmds)             In the latter case, load this package earlier.
)))
Package epstopdf-base Info: Redefining graphics rule for `.eps' on input line 4
38.
Package grfext Info: Graphics extension search list:
(grfext)             [.png,.pdf,.jpg,.mps,.jpeg,.jbig2,.jb2,.PNG,.PDF,.JPG,.JPE
G,.JBIG2,.JB2,.eps]
(grfext)             \AppendGraphicsExtensions on input line 456.

(/usr/local/texlive/2017/texmf-dist/tex/latex/latexconfig/epstopdf-sys.cfg
File: epstopdf-sys.cfg 2010/07/13 v1.3 Configuration of (r)epstopdf for TeX Liv
e
))
*geometry* driver: auto-detecting
*geometry* detected driver: pdftex
*geometry* verbose mode - [ preamble ] result:
* driver: pdftex
* paper: a4paper
* layout: <same size as paper>
* layoutoffset:(h,v)=(0.0pt,0.0pt)
* modes: 
* h-part:(L,W,R)=(56.9055pt, 483.69684pt, 56.90553pt)
* v-part:(T,H,B)=(56.9055pt, 731.23582pt, 56.90552pt)
* \paperwidth=597.50787pt
* \paperheight=845.04684pt
* \textwidth=483.69684pt
* \textheight=731.23582pt
* \oddsidemargin=-15.36449pt
* \evensidemargin=-15.36449pt
* \topmargin=-52.36449pt
* \headheight=12.0pt
* \headsep=25.0pt
* \topskip=12.0pt
* \footskip=30.0pt
* \marginparwidth=44.0pt
* \marginparsep=10.0pt
* \columnsep=10.0pt
* \skip\footins=10.8pt plus 4.0pt minus 2.0pt
* \hoffset=0.0pt
* \voffset=0.0pt
* \mag=1000
* \@twocolumnfalse
* \@twosidefalse
* \@mparswitchfalse
* \@reversemarginfalse
* (1in=72.27pt=25.4mm, 1cm=28.453pt)

LaTeX Font Info:    Try loading font information for OMS+cmr on input line 23.
(/usr/local/texlive/2017/texmf-dist/tex/latex/base/omscmr.fd
File: omscmr.fd 2014/09/29 v2.5h Standard LaTeX font definitions
)
LaTeX Font Info:    Font shape `OMS/cmr/m/n' in size <12> not available
(Font)              Font shape `OMS/cmsy/m/n' tried instead on input line 23.
LaTeX Font Info:    Font shape `OMS/cmr/m/n' in size <14.4> not available
(Font)              Font shape `OMS/cmsy/m/n' tried instead on input line 33.

<lecture3a.png, id=1, 341.275pt x 124.465pt>
File: lecture3a.png Graphic file (type png)
 <use lecture3a.png>
Package pdftex.def Info: lecture3a.png used on input line 44.
(pdftex.def)             Requested size: 341.27415pt x 124.46469pt.

Underfull \hbox (badness 10000) in paragraph at lines 46--54

 []


Underfull \hbox (badness 10000) in paragraph at lines 46--54

 []


Underfull \hbox (badness 10000) in paragraph at lines 46--54

 []


Underfull \hbox (badness 10000) in paragraph at lines 46--54

 []


Underfull \hbox (badness 10000) in paragraph at lines 46--54

 []


Underfull \hbox (badness 10000) in paragraph at lines 46--54

 []


Underfull \hbox (badness 10000) in paragraph at lines 46--54

 []


Underfull \hbox (badness 10000) in paragraph at lines 46--54

 []

<lecture3b.png, id=3, 341.275pt x 163.61125pt>
File: lecture3b.png Graphic file (type png)
 <use lecture3b.png>
Package pdftex.def Info: lecture3b.png used on input line 56.
(pdftex.def)             Requested size: 341.27415pt x 163.61084pt.
 [1

{/usr/local/texlive/2017/texmf-var/fonts/map/pdftex/updmap/pdftex.map} <./lectu
re3a.png>] <lecture3c.png, id=18, 341.275pt x 361.35pt>
File: lecture3c.png Graphic file (type png)
 <use lecture3c.png>
Package pdftex.def Info: lecture3c.png used on input line 71.
(pdftex.def)             Requested size: 341.27415pt x 361.34912pt.

Underfull \hbox (badness 10000) in paragraph at lines 73--78

 []


Underfull \hbox (badness 10000) in paragraph at lines 73--78

 []


Underfull \hbox (badness 10000) in paragraph at lines 73--78

 []


Underfull \hbox (badness 10000) in paragraph at lines 73--78

 []


Underfull \hbox (badness 10000) in paragraph at lines 73--78

 []

[2 <./lecture3b.png> <./lecture3c.png>]
<lecture3d.png, id=24, 341.275pt x 299.1175pt>
File: lecture3d.png Graphic file (type png)
 <use lecture3d.png>
Package pdftex.def Info: lecture3d.png used on input line 80.
(pdftex.def)             Requested size: 341.27415pt x 299.11676pt.

<lecture3e.png, id=25, 341.275pt x 199.74625pt>
File: lecture3e.png Graphic file (type png)
 <use lecture3e.png>
Package pdftex.def Info: lecture3e.png used on input line 85.
(pdftex.def)             Requested size: 341.27415pt x 199.74576pt.

<lecture3f.png, id=26, 341.275pt x 342.27875pt>
File: lecture3f.png Graphic file (type png)
 <use lecture3f.png>
Package pdftex.def Info: lecture3f.png used on input line 86.
(pdftex.def)             Requested size: 341.27415pt x 342.2779pt.

<lecture3g.png, id=27, 341.275pt x 366.36874pt>
File: lecture3g.png Graphic file (type png)
 <use lecture3g.png>
Package pdftex.def Info: lecture3g.png used on input line 87.
(pdftex.def)             Requested size: 341.27415pt x 366.36784pt.

<lecture3h.png, id=28, 341.275pt x 424.58624pt>
File: lecture3h.png Graphic file (type png)
 <use lecture3h.png>
Package pdftex.def Info: lecture3h.png used on input line 88.
(pdftex.def)             Requested size: 341.27415pt x 424.5852pt.
 [3 <./lecture3d.png> <./lecture3e.png>] [4 <./lecture3f.png> <./lecture3g.png>
]
<lecture3i.png, id=39, 227.85126pt x 53.19875pt>
File: lecture3i.png Graphic file (type png)
 <use lecture3i.png>
Package pdftex.def Info: lecture3i.png used on input line 97.
(pdftex.def)             Requested size: 227.8507pt x 53.19861pt.

<lecture3j.png, id=40, 227.85126pt x 71.26625pt>
File: lecture3j.png Graphic file (type png)
 <use lecture3j.png>
Package pdftex.def Info: lecture3j.png used on input line 101.
(pdftex.def)             Requested size: 227.8507pt x 71.26605pt.

Underfull \hbox (badness 10000) in paragraph at lines 103--105

 []


Underfull \hbox (badness 10000) in paragraph at lines 103--105

 []

[5 <./lecture3h.png> <./lecture3i.png> <./lecture3j.png>]
<lecture3k.png, id=47, 227.85126pt x 34.1275pt>
File: lecture3k.png Graphic file (type png)
 <use lecture3k.png>
Package pdftex.def Info: lecture3k.png used on input line 107.
(pdftex.def)             Requested size: 227.8507pt x 34.1274pt.

<lecture3l.png, id=48, 227.85126pt x 88.33pt>
File: lecture3l.png Graphic file (type png)
 <use lecture3l.png>
Package pdftex.def Info: lecture3l.png used on input line 125.
(pdftex.def)             Requested size: 227.8507pt x 88.32977pt.

<lecture3m.png, id=49, 341.275pt x 335.2525pt>
File: lecture3m.png Graphic file (type png)
 <use lecture3m.png>
Package pdftex.def Info: lecture3m.png used on input line 130.
(pdftex.def)             Requested size: 341.27415pt x 335.25168pt.

<lecture3n.png, id=50, 341.275pt x 365.365pt>
File: lecture3n.png Graphic file (type png)
 <use lecture3n.png>
Package pdftex.def Info: lecture3n.png used on input line 134.
(pdftex.def)             Requested size: 341.27415pt x 365.3641pt.
 [6 <./lecture3k.png> <./lecture3l.png> <./lecture3m.png>]
<lecture3o.png, id=58, 264.99pt x 284.06125pt>
File: lecture3o.png Graphic file (type png)
 <use lecture3o.png>
Package pdftex.def Info: lecture3o.png used on input line 138.
(pdftex.def)             Requested size: 264.98935pt x 284.06053pt.

<lecture3p.png, id=59, 284.06125pt x 303.1325pt>
File: lecture3p.png Graphic file (type png)
 <use lecture3p.png>
Package pdftex.def Info: lecture3p.png used on input line 139.
(pdftex.def)             Requested size: 284.06053pt x 303.13176pt.

<lecture3q.png, id=60, 284.06125pt x 302.12875pt>
File: lecture3q.png Graphic file (type png)
 <use lecture3q.png>
Package pdftex.def Info: lecture3q.png used on input line 140.
(pdftex.def)             Requested size: 284.06053pt x 302.128pt.

<lecture3r.png, id=61, 284.06125pt x 304.13625pt>
File: lecture3r.png Graphic file (type png)
 <use lecture3r.png>
Package pdftex.def Info: lecture3r.png used on input line 141.
(pdftex.def)             Requested size: 284.06053pt x 304.1355pt.
 [7 <./lecture3n.png> <./lecture3o.png>] [8 <./lecture3p.png> <./lecture3q.png>
]
<lecture3s.png, id=74, 284.06125pt x 301.125pt>
File: lecture3s.png Graphic file (type png)
 <use lecture3s.png>
Package pdftex.def Info: lecture3s.png used on input line 145.
(pdftex.def)             Requested size: 284.06053pt x 301.12425pt.

<lecture3t.png, id=75, 284.06125pt x 301.125pt>
File: lecture3t.png Graphic file (type png)
 <use lecture3t.png>
Package pdftex.def Info: lecture3t.png used on input line 146.
(pdftex.def)             Requested size: 284.06053pt x 301.12425pt.

<lecture3u.png, id=76, 284.06125pt x 300.12125pt>
File: lecture3u.png Graphic file (type png)
 <use lecture3u.png>
Package pdftex.def Info: lecture3u.png used on input line 147.
(pdftex.def)             Requested size: 284.06053pt x 300.12051pt.
 [9 <./lecture3r.png> <./lecture3s.png>] [10 <./lecture3t.png> <./lecture3u.png
>]
(./Lecture 3.aux) ) 
Here is how much of TeX's memory you used:
 2782 strings out of 492995
 38675 string characters out of 6132704
 108474 words of memory out of 5000000
 6287 multiletter control sequences out of 15000+600000
 10579 words of font info for 38 fonts, out of 8000000 for 9000
 1141 hyphenation exceptions out of 8191
 39i,4n,28p,244b,353s stack positions out of 5000i,500n,10000p,200000b,80000s
</usr/local/texlive/2017/texmf-dist/fonts/type1/public/amsfo
nts/cm/cmbx12.pfb></usr/local/texlive/2017/texmf-dist/fonts/type1/public/amsfon
ts/cm/cmmi10.pfb></usr/local/texlive/2017/texmf-dist/fonts/type1/public/amsfont
s/cm/cmmi12.pfb></usr/local/texlive/2017/texmf-dist/fonts/type1/public/amsfonts
/cm/cmmi7.pfb></usr/local/texlive/2017/texmf-dist/fonts/type1/public/amsfonts/c
m/cmmi8.pfb></usr/local/texlive/2017/texmf-dist/fonts/type1/public/amsfonts/cm/
cmr12.pfb></usr/local/texlive/2017/texmf-dist/fonts/type1/public/amsfonts/cm/cm
r17.pfb></usr/local/texlive/2017/texmf-dist/fonts/type1/public/amsfonts/cm/cmr8
.pfb></usr/local/texlive/2017/texmf-dist/fonts/type1/public/amsfonts/cm/cmsy10.
pfb></usr/local/texlive/2017/texmf-dist/fonts/type1/public/amsfonts/cm/cmti12.p
fb>
Output written on "Lecture 3.pdf" (10 pages, 2031325 bytes).
PDF statistics:
 120 PDF objects out of 1000 (max. 8388607)
 55 compressed objects within 1 object stream
 0 named destinations out of 1000 (max. 500000)
 106 words of extra memory for PDF output out of 10000 (max. 10000000)

