This is pdfTeX, Version 3.14159265-2.6-1.40.18 (TeX Live 2017) (preloaded format=pdflatex 2018.1.13)  5 FEB 2018 18:08
entering extended mode
 restricted \write18 enabled.
 file:line:error style messages enabled.
 %&-line parsing enabled.
**Lecture7.tex
(./Lecture7.tex
LaTeX2e <2017-04-15>
Babel <3.10> and hyphenation patterns for 84 language(s) loaded.
(/usr/local/texlive/2017/texmf-dist/tex/latex/base/article.cls
Document Class: article 2014/09/29 v1.4h Standard LaTeX document class
(/usr/local/texlive/2017/texmf-dist/tex/latex/base/size12.clo
File: size12.clo 2014/09/29 v1.4h Standard LaTeX file (size option)
)
\c@part=\count79
\c@section=\count80
\c@subsection=\count81
\c@subsubsection=\count82
\c@paragraph=\count83
\c@subparagraph=\count84
\c@figure=\count85
\c@table=\count86
\abovecaptionskip=\skip41
\belowcaptionskip=\skip42
\bibindent=\dimen102
)
(/usr/local/texlive/2017/texmf-dist/tex/latex/url/url.sty
\Urlmuskip=\muskip10
Package: url 2013/09/16  ver 3.4  Verb mode for urls, etc.
)
(/usr/local/texlive/2017/texmf-dist/tex/latex/graphics/graphicx.sty
Package: graphicx 2014/10/28 v1.0g Enhanced LaTeX Graphics (DPC,SPQR)

(/usr/local/texlive/2017/texmf-dist/tex/latex/graphics/keyval.sty
Package: keyval 2014/10/28 v1.15 key=value parser (DPC)
\KV@toks@=\toks14
)
(/usr/local/texlive/2017/texmf-dist/tex/latex/graphics/graphics.sty
Package: graphics 2017/04/14 v1.1b Standard LaTeX Graphics (DPC,SPQR)

(/usr/local/texlive/2017/texmf-dist/tex/latex/graphics/trig.sty
Package: trig 2016/01/03 v1.10 sin cos tan (DPC)
)
(/usr/local/texlive/2017/texmf-dist/tex/latex/graphics-cfg/graphics.cfg
File: graphics.cfg 2016/06/04 v1.11 sample graphics configuration
)
Package graphics Info: Driver file: pdftex.def on input line 99.

(/usr/local/texlive/2017/texmf-dist/tex/latex/graphics-def/pdftex.def
File: pdftex.def 2017/01/12 v0.06k Graphics/color for pdfTeX

(/usr/local/texlive/2017/texmf-dist/tex/generic/oberdiek/infwarerr.sty
Package: infwarerr 2016/05/16 v1.4 Providing info/warning/error messages (HO)
)
(/usr/local/texlive/2017/texmf-dist/tex/generic/oberdiek/ltxcmds.sty
Package: ltxcmds 2016/05/16 v1.23 LaTeX kernel commands for general use (HO)
)
\Gread@gobject=\count87
))
\Gin@req@height=\dimen103
\Gin@req@width=\dimen104
)
(/usr/local/texlive/2017/texmf-dist/tex/latex/geometry/geometry.sty
Package: geometry 2010/09/12 v5.6 Page Geometry

(/usr/local/texlive/2017/texmf-dist/tex/generic/oberdiek/ifpdf.sty
Package: ifpdf 2017/03/15 v3.2 Provides the ifpdf switch
)
(/usr/local/texlive/2017/texmf-dist/tex/generic/oberdiek/ifvtex.sty
Package: ifvtex 2016/05/16 v1.6 Detect VTeX and its facilities (HO)
Package ifvtex Info: VTeX not detected.
)
(/usr/local/texlive/2017/texmf-dist/tex/generic/ifxetex/ifxetex.sty
Package: ifxetex 2010/09/12 v0.6 Provides ifxetex conditional
)
\Gm@cnth=\count88
\Gm@cntv=\count89
\c@Gm@tempcnt=\count90
\Gm@bindingoffset=\dimen105
\Gm@wd@mp=\dimen106
\Gm@odd@mp=\dimen107
\Gm@even@mp=\dimen108
\Gm@layoutwidth=\dimen109
\Gm@layoutheight=\dimen110
\Gm@layouthoffset=\dimen111
\Gm@layoutvoffset=\dimen112
\Gm@dimlist=\toks15
)
(/usr/local/texlive/2017/texmf-dist/tex/latex/amsmath/amsmath.sty
Package: amsmath 2016/11/05 v2.16a AMS math features
\@mathmargin=\skip43

For additional information on amsmath, use the `?' option.
(/usr/local/texlive/2017/texmf-dist/tex/latex/amsmath/amstext.sty
Package: amstext 2000/06/29 v2.01 AMS text

(/usr/local/texlive/2017/texmf-dist/tex/latex/amsmath/amsgen.sty
File: amsgen.sty 1999/11/30 v2.0 generic functions
\@emptytoks=\toks16
\ex@=\dimen113
))
(/usr/local/texlive/2017/texmf-dist/tex/latex/amsmath/amsbsy.sty
Package: amsbsy 1999/11/29 v1.2d Bold Symbols
\pmbraise@=\dimen114
)
(/usr/local/texlive/2017/texmf-dist/tex/latex/amsmath/amsopn.sty
Package: amsopn 2016/03/08 v2.02 operator names
)
\inf@bad=\count91
LaTeX Info: Redefining \frac on input line 213.
\uproot@=\count92
\leftroot@=\count93
LaTeX Info: Redefining \overline on input line 375.
\classnum@=\count94
\DOTSCASE@=\count95
LaTeX Info: Redefining \ldots on input line 472.
LaTeX Info: Redefining \dots on input line 475.
LaTeX Info: Redefining \cdots on input line 596.
\Mathstrutbox@=\box26
\strutbox@=\box27
\big@size=\dimen115
LaTeX Font Info:    Redeclaring font encoding OML on input line 712.
LaTeX Font Info:    Redeclaring font encoding OMS on input line 713.
\macc@depth=\count96
\c@MaxMatrixCols=\count97
\dotsspace@=\muskip11
\c@parentequation=\count98
\dspbrk@lvl=\count99
\tag@help=\toks17
\row@=\count100
\column@=\count101
\maxfields@=\count102
\andhelp@=\toks18
\eqnshift@=\dimen116
\alignsep@=\dimen117
\tagshift@=\dimen118
\tagwidth@=\dimen119
\totwidth@=\dimen120
\lineht@=\dimen121
\@envbody=\toks19
\multlinegap=\skip44
\multlinetaggap=\skip45
\mathdisplay@stack=\toks20
LaTeX Info: Redefining \[ on input line 2817.
LaTeX Info: Redefining \] on input line 2818.
)
(/usr/local/texlive/2017/texmf-dist/tex/latex/fancyhdr/fancyhdr.sty
Package: fancyhdr 2016/09/06 3.8 Extensive control of page headers and footers
\fancy@headwidth=\skip46
\f@ncyO@elh=\skip47
\f@ncyO@erh=\skip48
\f@ncyO@olh=\skip49
\f@ncyO@orh=\skip50
\f@ncyO@elf=\skip51
\f@ncyO@erf=\skip52
\f@ncyO@olf=\skip53
\f@ncyO@orf=\skip54
)
(/usr/local/texlive/2017/texmf-dist/tex/latex/nopageno/nopageno.sty
Package: nopageno 1989/01/01 no page numbers (DPC)
)
(/usr/local/texlive/2017/texmf-dist/tex/latex/graphics/color.sty
Package: color 2016/07/10 v1.1e Standard LaTeX Color (DPC)

(/usr/local/texlive/2017/texmf-dist/tex/latex/graphics-cfg/color.cfg
File: color.cfg 2016/01/02 v1.6 sample color configuration
)
Package color Info: Driver file: pdftex.def on input line 147.

(/usr/local/texlive/2017/texmf-dist/tex/latex/graphics/dvipsnam.def
File: dvipsnam.def 2016/06/17 v3.0m Driver-dependent file (DPC,SPQR)
))
(./Lecture7.aux)
\openout1 = `Lecture7.aux'.

LaTeX Font Info:    Checking defaults for OML/cmm/m/it on input line 21.
LaTeX Font Info:    ... okay on input line 21.
LaTeX Font Info:    Checking defaults for T1/cmr/m/n on input line 21.
LaTeX Font Info:    ... okay on input line 21.
LaTeX Font Info:    Checking defaults for OT1/cmr/m/n on input line 21.
LaTeX Font Info:    ... okay on input line 21.
LaTeX Font Info:    Checking defaults for OMS/cmsy/m/n on input line 21.
LaTeX Font Info:    ... okay on input line 21.
LaTeX Font Info:    Checking defaults for OMX/cmex/m/n on input line 21.
LaTeX Font Info:    ... okay on input line 21.
LaTeX Font Info:    Checking defaults for U/cmr/m/n on input line 21.
LaTeX Font Info:    ... okay on input line 21.

(/usr/local/texlive/2017/texmf-dist/tex/context/base/mkii/supp-pdf.mkii
[Loading MPS to PDF converter (version 2006.09.02).]
\scratchcounter=\count103
\scratchdimen=\dimen122
\scratchbox=\box28
\nofMPsegments=\count104
\nofMParguments=\count105
\everyMPshowfont=\toks21
\MPscratchCnt=\count106
\MPscratchDim=\dimen123
\MPnumerator=\count107
\makeMPintoPDFobject=\count108
\everyMPtoPDFconversion=\toks22
) (/usr/local/texlive/2017/texmf-dist/tex/generic/oberdiek/pdftexcmds.sty
Package: pdftexcmds 2017/03/19 v0.25 Utility functions of pdfTeX for LuaTeX (HO
)

(/usr/local/texlive/2017/texmf-dist/tex/generic/oberdiek/ifluatex.sty
Package: ifluatex 2016/05/16 v1.4 Provides the ifluatex switch (HO)
Package ifluatex Info: LuaTeX not detected.
)
Package pdftexcmds Info: LuaTeX not detected.
Package pdftexcmds Info: \pdf@primitive is available.
Package pdftexcmds Info: \pdf@ifprimitive is available.
Package pdftexcmds Info: \pdfdraftmode found.
)
(/usr/local/texlive/2017/texmf-dist/tex/latex/oberdiek/epstopdf-base.sty
Package: epstopdf-base 2016/05/15 v2.6 Base part for package epstopdf

(/usr/local/texlive/2017/texmf-dist/tex/latex/oberdiek/grfext.sty
Package: grfext 2016/05/16 v1.2 Manage graphics extensions (HO)

(/usr/local/texlive/2017/texmf-dist/tex/generic/oberdiek/kvdefinekeys.sty
Package: kvdefinekeys 2016/05/16 v1.4 Define keys (HO)
))
(/usr/local/texlive/2017/texmf-dist/tex/latex/oberdiek/kvoptions.sty
Package: kvoptions 2016/05/16 v3.12 Key value format for package options (HO)

(/usr/local/texlive/2017/texmf-dist/tex/generic/oberdiek/kvsetkeys.sty
Package: kvsetkeys 2016/05/16 v1.17 Key value parser (HO)

(/usr/local/texlive/2017/texmf-dist/tex/generic/oberdiek/etexcmds.sty
Package: etexcmds 2016/05/16 v1.6 Avoid name clashes with e-TeX commands (HO)
Package etexcmds Info: Could not find \expanded.
(etexcmds)             That can mean that you are not using pdfTeX 1.50 or
(etexcmds)             that some package has redefined \expanded.
(etexcmds)             In the latter case, load this package earlier.
)))
Package epstopdf-base Info: Redefining graphics rule for `.eps' on input line 4
38.
Package grfext Info: Graphics extension search list:
(grfext)             [.png,.pdf,.jpg,.mps,.jpeg,.jbig2,.jb2,.PNG,.PDF,.JPG,.JPE
G,.JBIG2,.JB2,.eps]
(grfext)             \AppendGraphicsExtensions on input line 456.

(/usr/local/texlive/2017/texmf-dist/tex/latex/latexconfig/epstopdf-sys.cfg
File: epstopdf-sys.cfg 2010/07/13 v1.3 Configuration of (r)epstopdf for TeX Liv
e
))
*geometry* driver: auto-detecting
*geometry* detected driver: pdftex
*geometry* verbose mode - [ preamble ] result:
* driver: pdftex
* paper: <default>
* layout: <same size as paper>
* layoutoffset:(h,v)=(0.0pt,0.0pt)
* modes: 
* h-part:(L,W,R)=(92.14519pt, 430.00462pt, 92.14519pt)
* v-part:(T,H,B)=(95.39737pt, 556.47656pt, 143.09605pt)
* \paperwidth=614.295pt
* \paperheight=794.96999pt
* \textwidth=430.00462pt
* \textheight=556.47656pt
* \oddsidemargin=19.8752pt
* \evensidemargin=19.8752pt
* \topmargin=-13.87262pt
* \headheight=12.0pt
* \headsep=25.0pt
* \topskip=12.0pt
* \footskip=30.0pt
* \marginparwidth=44.0pt
* \marginparsep=10.0pt
* \columnsep=10.0pt
* \skip\footins=10.8pt plus 4.0pt minus 2.0pt
* \hoffset=0.0pt
* \voffset=0.0pt
* \mag=1000
* \@twocolumnfalse
* \@twosidefalse
* \@mparswitchfalse
* \@reversemarginfalse
* (1in=72.27pt=25.4mm, 1cm=28.453pt)

LaTeX Font Info:    Try loading font information for OMS+cmr on input line 31.
(/usr/local/texlive/2017/texmf-dist/tex/latex/base/omscmr.fd
File: omscmr.fd 2014/09/29 v2.5h Standard LaTeX font definitions
)
LaTeX Font Info:    Font shape `OMS/cmr/m/n' in size <12> not available
(Font)              Font shape `OMS/cmsy/m/n' tried instead on input line 31.

<lecture71.png, id=1, 227.85126pt x 159.59625pt>
File: lecture71.png Graphic file (type png)
 <use lecture71.png>
Package pdftex.def Info: lecture71.png used on input line 37.
(pdftex.def)             Requested size: 227.8507pt x 159.59584pt.

<lecture72.png, id=3, 227.85126pt x 141.52875pt>
File: lecture72.png Graphic file (type png)
 <use lecture72.png>
Package pdftex.def Info: lecture72.png used on input line 56.
(pdftex.def)             Requested size: 227.8507pt x 141.5284pt.
 [1

{/usr/local/texlive/2017/texmf-var/fonts/map/pdftex/updmap/pdftex.map} <./lectu
re71.png>] <lecture73.png, id=15, 341.275pt x 154.5775pt>
File: lecture73.png Graphic file (type png)
 <use lecture73.png>
Package pdftex.def Info: lecture73.png used on input line 81.
(pdftex.def)             Requested size: 341.27415pt x 154.5771pt.


Package Fancyhdr Warning: \headheight is too small (12.0pt): 
 Make it at least 14.49998pt.
 We now make it that large for the rest of the document.
 This may cause the page layout to be inconsistent, however.

[2 <./lecture72.png> <./lecture73.png>]
<lecture74.png, id=24, 341.275pt x 151.56625pt>
File: lecture74.png Graphic file (type png)
 <use lecture74.png>
Package pdftex.def Info: lecture74.png used on input line 105.
(pdftex.def)             Requested size: 341.27415pt x 151.56587pt.

<lecture75.png, id=25, 284.06125pt x 181.67876pt>
File: lecture75.png Graphic file (type png)
 <use lecture75.png>
Package pdftex.def Info: lecture75.png used on input line 125.
(pdftex.def)             Requested size: 284.06053pt x 181.6783pt.
 [3 <./lecture74.png>] <lecture76.png, id=30, 284.06125pt x 162.6075pt>
File: lecture76.png Graphic file (type png)

<use lecture76.png>
Package pdftex.def Info: lecture76.png used on input line 144.
(pdftex.def)             Requested size: 284.06053pt x 162.6071pt.
 [4 <./lecture75.png> <./lecture76.png>]
<lecture77.png, id=36, 198.7425pt x 203.76125pt>
File: lecture77.png Graphic file (type png)
 <use lecture77.png>
Package pdftex.def Info: lecture77.png used on input line 210.
(pdftex.def)             Requested size: 198.742pt x 203.76074pt.
 [5]
<lecture78.png, id=41, 198.7425pt x 253.94875pt>
File: lecture78.png Graphic file (type png)
 <use lecture78.png>
Package pdftex.def Info: lecture78.png used on input line 221.
(pdftex.def)             Requested size: 198.742pt x 253.94812pt.
 [6 <./lecture77.png>] <lecture79.png, id=46, 198.7425pt x 217.81375pt>
File: lecture79.png Graphic file (type png)

<use lecture79.png>
Package pdftex.def Info: lecture79.png used on input line 230.
(pdftex.def)             Requested size: 198.742pt x 217.8132pt.
 [7 <./lecture78.png> <./lecture79.png>]
<lecture710.png, id=53, 198.7425pt x 242.9075pt>
File: lecture710.png Graphic file (type png)
 <use lecture710.png>
Package pdftex.def Info: lecture710.png used on input line 241.
(pdftex.def)             Requested size: 198.742pt x 242.90689pt.

<lecture711.jpg, id=54, 398.48875pt x 113.42375pt>
File: lecture711.jpg Graphic file (type jpg)
 <use lecture711.jpg>
Package pdftex.def Info: lecture711.jpg used on input line 255.
(pdftex.def)             Requested size: 398.48778pt x 113.42346pt.

[8 <./lecture710.png>] <lecture712.png, id=59, 227.85126pt x 133.49875pt>
File: lecture712.png Graphic file (type png)

<use lecture712.png>
Package pdftex.def Info: lecture712.png used on input line 265.
(pdftex.def)             Requested size: 227.8507pt x 133.4984pt.
 <lecture713.png, id=60, 227.85126pt x 92.345pt>
File: lecture713.png Graphic file (type png)

<use lecture713.png>
Package pdftex.def Info: lecture713.png used on input line 279.
(pdftex.def)             Requested size: 227.8507pt x 92.34476pt.
 <lecture714.png, id=61, 227.85126pt x 95.35625pt>
File: lecture714.png Graphic file (type png)

<use lecture714.png>
Package pdftex.def Info: lecture714.png used on input line 280.
(pdftex.def)             Requested size: 227.8507pt x 95.356pt.
 [9 <./lecture711.jpg> <./lecture712.png> <./lecture713.png>] <lecture716.png, 
id=67, 227.85126pt x 98.3675pt>
File: lecture716.png Graphic file (type png)
 <use lecture716.png>
Package pdftex.def Info: lecture716.png used on input line 294.
(pdftex.def)             Requested size: 227.8507pt x 98.36723pt.

<lecture715.png, id=68, 227.85126pt x 99.37125pt>
File: lecture715.png Graphic file (type png)
 <use lecture715.png>
Package pdftex.def Info: lecture715.png used on input line 295.
(pdftex.def)             Requested size: 227.8507pt x 99.371pt.

<lecture717.png, id=69, 227.85126pt x 114.4275pt>
File: lecture717.png Graphic file (type png)
 <use lecture717.png>
Package pdftex.def Info: lecture717.png used on input line 307.
(pdftex.def)             Requested size: 227.8507pt x 114.42722pt.
 [10 <./lecture714.png> <./lecture716.png> <./lecture715.png>]
<lecture718.png, id=76, 227.85126pt x 99.37125pt>
File: lecture718.png Graphic file (type png)
 <use lecture718.png>
Package pdftex.def Info: lecture718.png used on input line 321.
(pdftex.def)             Requested size: 227.8507pt x 99.371pt.

<lecture719.png, id=77, 227.85126pt x 258.9675pt>
File: lecture719.png Graphic file (type png)
 <use lecture719.png>
Package pdftex.def Info: lecture719.png used on input line 336.
(pdftex.def)             Requested size: 227.8507pt x 258.96684pt.
 [11 <./lecture717.png> <./lecture718.png>]
Underfull \hbox (badness 10000) in paragraph at lines 357--358

 []

[12 <./lecture719.png>] <lecture720.png, id=88, 198.7425pt x 52.195pt>
File: lecture720.png Graphic file (type png)

<use lecture720.png>
Package pdftex.def Info: lecture720.png used on input line 399.
(pdftex.def)             Requested size: 198.742pt x 52.19487pt.
 <lecture721.png, id=89, 198.7425pt x 49.18375pt>
File: lecture721.png Graphic file (type png)

<use lecture721.png>
Package pdftex.def Info: lecture721.png used on input line 400.
(pdftex.def)             Requested size: 198.742pt x 49.18361pt.
 <lecture722.png, id=90, 198.7425pt x 48.18pt>
File: lecture722.png Graphic file (type png)

<use lecture722.png>
Package pdftex.def Info: lecture722.png used on input line 401.
(pdftex.def)             Requested size: 198.742pt x 48.17986pt.
 [13 <./lecture720.png> <./lecture721.png>] [14 <./lecture722.png>] <lecture723
.png, id=101, 284.06125pt x 176.66pt>
File: lecture723.png Graphic file (type png)
 <use lecture723.png>
Package pdftex.def Info: lecture723.png used on input line 471.
(pdftex.def)             Requested size: 284.06053pt x 176.65956pt.

<lecture724.png, id=102, 284.06125pt x 181.67876pt>
File: lecture724.png Graphic file (type png)
 <use lecture724.png>
Package pdftex.def Info: lecture724.png used on input line 472.
(pdftex.def)             Requested size: 284.06053pt x 181.6783pt.

[15] [16 <./lecture723.png> <./lecture724.png>] (./Lecture7.aux) ) 
Here is how much of TeX's memory you used:
 3194 strings out of 492995
 44845 string characters out of 6132704
 118877 words of memory out of 5000000
 6679 multiletter control sequences out of 15000+600000
 10499 words of font info for 38 fonts, out of 8000000 for 9000
 1141 hyphenation exceptions out of 8191
 39i,16n,43p,241b,458s stack positions out of 5000i,500n,10000p,200000b,80000s
</usr/local/t
exlive/2017/texmf-dist/fonts/type1/public/amsfonts/cm/cmbx12.pfb></usr/local/te
xlive/2017/texmf-dist/fonts/type1/public/amsfonts/cm/cmex10.pfb></usr/local/tex
live/2017/texmf-dist/fonts/type1/public/amsfonts/cm/cmmi12.pfb></usr/local/texl
ive/2017/texmf-dist/fonts/type1/public/amsfonts/cm/cmmi8.pfb></usr/local/texliv
e/2017/texmf-dist/fonts/type1/public/amsfonts/cm/cmr12.pfb></usr/local/texlive/
2017/texmf-dist/fonts/type1/public/amsfonts/cm/cmr17.pfb></usr/local/texlive/20
17/texmf-dist/fonts/type1/public/amsfonts/cm/cmr8.pfb></usr/local/texlive/2017/
texmf-dist/fonts/type1/public/amsfonts/cm/cmsy10.pfb></usr/local/texlive/2017/t
exmf-dist/fonts/type1/public/amsfonts/cm/cmsy8.pfb></usr/local/texlive/2017/tex
mf-dist/fonts/type1/public/amsfonts/cm/cmti12.pfb>
Output written on Lecture7.pdf (16 pages, 1053266 bytes).
PDF statistics:
 144 PDF objects out of 1000 (max. 8388607)
 68 compressed objects within 1 object stream
 0 named destinations out of 1000 (max. 500000)
 121 words of extra memory for PDF output out of 10000 (max. 10000000)

